<?xml version="1.0" encoding="UTF-8"?>
<!-- Generated by org.testng.reporters.JUnitReportReporter -->
<testsuite skipped="0" hostname="Gublu" name="LoginTest" tests="2" failures="0" timestamp="02 Apr 2018 21:52:15 GMT" time="0.001" errors="0">
  <testcase name="dologinTest" time="0.001" classname="LoginTest"/>
  <testcase name="dologinTest" time="0.000" classname="LoginTest"/>
</testsuite> <!-- LoginTest -->
